Arguments: 
  C:\Program Files\nodejs\node.exe C:\Users\tonys\AppData\Roaming\npm\node_modules\yarn\bin\yarn.js add @express @types/express jest supertest ts-jest

PATH: 
  C:\Program Files\OpenJDK\jdk-8.0.262.10-hotspot\bin;C:\Program Files\Common Files\Oracle\Java\javapath;C:\Windows\system32;C:\Windows;C:\Windows\System32\Wbem;C:\Windows\System32\WindowsPowerShell\v1.0\;C:\Windows\System32\OpenSSH\;C:\Program Files (x86)\NVIDIA Corporation\PhysX\Common;C:\Program Files\NVIDIA Corporation\NVIDIA NvDLISR;C:\WINDOWS\system32;C:\WINDOWS;C:\WINDOWS\System32\Wbem;C:\WINDOWS\System32\WindowsPowerShell\v1.0\;C:\WINDOWS\System32\OpenSSH\;C:\Program Files\Git\cmd;C:\Program Files\PuTTY\;C:\Program Files (x86)\GitExtensions\;C:\ProgramData\chocolatey\bin;;C:\Program Files\Docker\Docker\resources\bin;C:\ProgramData\DockerDesktop\version-bin;C:\Program Files\nodejs\;C:\Program Files\dotnet\;C:\Users\tonys\AppData\Local\Microsoft\WindowsApps;C:\Users\tonys\AppData\Local\Programs\Microsoft VS Code\bin;C:\Program Files\sonar-scanner\bin;C:\Users\tonys\AppData\Local\GitHubDesktop\bin;C:\Users\tonys\AppData\Roaming\npm;

Yarn version: 
  1.22.10

Node version: 
  16.13.1

Platform: 
  win32 x64

Trace: 
  Error: https://registry.yarnpkg.com/@express: Request "https://registry.yarnpkg.com/@express" returned a 405
      at Request.params.callback [as _callback] (C:\Users\tonys\AppData\Roaming\npm\node_modules\yarn\lib\cli.js:66997:18)
      at Request.self.callback (C:\Users\tonys\AppData\Roaming\npm\node_modules\yarn\lib\cli.js:140662:22)
      at Request.emit (node:events:390:28)
      at Request.<anonymous> (C:\Users\tonys\AppData\Roaming\npm\node_modules\yarn\lib\cli.js:141634:10)
      at Request.emit (node:events:390:28)
      at IncomingMessage.<anonymous> (C:\Users\tonys\AppData\Roaming\npm\node_modules\yarn\lib\cli.js:141556:12)
      at Object.onceWrapper (node:events:509:28)
      at IncomingMessage.emit (node:events:402:35)
      at endReadableNT (node:internal/streams/readable:1343:12)
      at processTicksAndRejections (node:internal/process/task_queues:83:21)

npm manifest: 
  {
    "name": "auth",
    "version": "1.0.0",
    "main": "index.ts",
    "license": "MIT",
    "description": "Authentication microservice",
    "scripts": {
      "lint": "",
      "prettier": "",
      "prettier:fix": "",
      "start:dev" : "",
      "start": ""
    }
  }

yarn manifest: 
  No manifest

Lockfile: 
  No lockfile
